<?xml version="1.0" encoding="UTF-8"?>
<testsuite xmlns:xsi="http://www.w3.org/2001/XMLSchema-instance" xsi:noNamespaceSchemaLocation="https://maven.apache.org/surefire/maven-surefire-plugin/xsd/surefire-test-report-3.0.xsd" version="3.0" name="RegisterUser" time="27.968" tests="3" errors="0" skipped="0" failures="0">
  <properties>
[...]
</properties>
  <testcase name="registerUser" classname="RegisterUser" time="18.666">
    <system-err><![CDATA[[main] INFO io.github.bonigarcia.wdm.WebDriverManager - Using chromedriver 138.0.7204.92 (resolved driver for Chrome 138)
[main] INFO io.github.bonigarcia.wdm.WebDriverManager - Exporting webdriver.chrome.driver as C:\Users\alexa\.cache\selenium\chromedriver\win64\138.0.7204.92\chromedriver.exe
jul. 02, 2025 9:06:50 PM org.openqa.selenium.devtools.CdpVersionFinder findNearestMatch
ADVERTÊNCIA: Unable to find CDP implementation matching 138
jul. 02, 2025 9:06:50 PM org.openqa.selenium.chromium.ChromiumDriver lambda$new$5
ADVERTÊNCIA: Unable to find version of CDP to use for 138.0.7204.50. You may need to include a dependency on a specific version of the CDP using something similar to `org.seleniumhq.selenium:selenium-devtools-v86:4.20.0` where the version ("v86") matches the version of the chromium-based browser you're using and the version number of the artifact is the same as Selenium's.
[main] INFO Pages.BasePage - Clicou no elemento: [[ChromeDriver: chrome on windows (ccf4e393c6816ebd97d06a19c8901134)] -> css selector: a[href='/login']]
[main] INFO Pages.BasePage - Clicou no elemento: Proxy element for: DefaultElementLocator 'By.cssSelector: a[href='/delete_account']'
]]></system-err>
  </testcase>
  <testcase name="loginUserCorrectCredentials" classname="RegisterUser" time="5.273">
    <system-err><![CDATA[[main] INFO io.github.bonigarcia.wdm.WebDriverManager - Using chromedriver 138.0.7204.92 (resolved driver for Chrome 138)
[main] INFO io.github.bonigarcia.wdm.WebDriverManager - Exporting webdriver.chrome.driver as C:\Users\alexa\.cache\selenium\chromedriver\win64\138.0.7204.92\chromedriver.exe
jul. 02, 2025 9:07:08 PM org.openqa.selenium.devtools.CdpVersionFinder findNearestMatch
ADVERTÊNCIA: Unable to find CDP implementation matching 138
jul. 02, 2025 9:07:08 PM org.openqa.selenium.chromium.ChromiumDriver lambda$new$5
ADVERTÊNCIA: Unable to find version of CDP to use for 138.0.7204.50. You may need to include a dependency on a specific version of the CDP using something similar to `org.seleniumhq.selenium:selenium-devtools-v86:4.20.0` where the version ("v86") matches the version of the chromium-based browser you're using and the version number of the artifact is the same as Selenium's.
[main] INFO Pages.BasePage - Clicou no elemento: [[ChromeDriver: chrome on windows (51ea67c41fa911fa65eb8895c43ef76e)] -> css selector: a[href='/login']]
]]></system-err>
  </testcase>
  <testcase name="loginComCredenciaisIncorretas" classname="RegisterUser" time="3.879">
    <system-err><![CDATA[[main] INFO io.github.bonigarcia.wdm.WebDriverManager - Using chromedriver 138.0.7204.92 (resolved driver for Chrome 138)
[main] INFO io.github.bonigarcia.wdm.WebDriverManager - Exporting webdriver.chrome.driver as C:\Users\alexa\.cache\selenium\chromedriver\win64\138.0.7204.92\chromedriver.exe
jul. 02, 2025 9:07:13 PM org.openqa.selenium.devtools.CdpVersionFinder findNearestMatch
ADVERTÊNCIA: Unable to find CDP implementation matching 138
jul. 02, 2025 9:07:13 PM org.openqa.selenium.chromium.ChromiumDriver lambda$new$5
ADVERTÊNCIA: Unable to find version of CDP to use for 138.0.7204.50. You may need to include a dependency on a specific version of the CDP using something similar to `org.seleniumhq.selenium:selenium-devtools-v86:4.20.0` where the version ("v86") matches the version of the chromium-based browser you're using and the version number of the artifact is the same as Selenium's.
[main] INFO Pages.BasePage - Clicou no elemento: [[ChromeDriver: chrome on windows (19b1ddf04f8946eaa322e1e557da0425)] -> css selector: a[href='/login']]
]]></system-err>
  </testcase>
</testsuite>